android/build/outputs/logs/manifest-merger-debug-report.txt
-- Merging decision tree log ---
manifest
ADDED from src\main\AndroidManifest.xml:3:1-20:12
INJECTED from src\main\AndroidManifest.xml:3:1-20:12
	package
		ADDED from src\main\AndroidManifest.xml:4:11-37
		INJECTED from src\main\AndroidManifest.xml
	xmlns:android
		ADDED from src\main\AndroidManifest.xml:3:11-69
application
ADDED from src\main\AndroidManifest.xml:5:5-18:19
activity#io.flutter.embedding.android.FlutterActivity
ADDED from src\main\AndroidManifest.xml:6:9-11:11
	android:hardwareAccelerated
		ADDED from src\main\AndroidManifest.xml:9:13-47
	android:windowSoftInputMode
		ADDED from src\main\AndroidManifest.xml:10:13-55
	android:configChanges
		ADDED from src\main\AndroidManifest.xml:8:13-144
	android:name
		ADDED from src\main\AndroidManifest.xml:7:13-72
activity#com.reactlibrary.IdmetaStarterActivity
ADDED from src\main\AndroidManifest.xml:12:9-17:11
	android:hardwareAccelerated
		ADDED from src\main\AndroidManifest.xml:15:13-47
	android:windowSoftInputMode
		ADDED from src\main\AndroidManifest.xml:16:13-55
	android:configChanges
		ADDED from src\main\AndroidManifest.xml:14:13-144
	android:name
		ADDED from src\main\AndroidManifest.xml:13:13-50
uses-sdk
INJECTED from src\main\AndroidManifest.xml reason: use-sdk injection requested
INJECTED from src\main\AndroidManifest.xml
INJECTED from src\main\AndroidManifest.xml
	android:targetSdkVersion
		INJECTED from src\main\AndroidManifest.xml
	android:minSdkVersion
		INJECTED from src\main\AndroidManifest.xml